<?xml version="1.0" encoding="UTF-8"?>
<!-- Generated by org.testng.reporters.JUnitReportReporter -->
<testsuite hostname="DESKTOP-H6CSSC1" failures="0" tests="1" name="testCases.TC002_LoginTest" time="1.732" errors="0" timestamp="2025-09-25T07:23:33 IST" skipped="0">
  <testcase classname="testCases.TC002_LoginTest" name="verify_login" time="1.732"/>
</testsuite> <!-- testCases.TC002_LoginTest -->
