<?xml version="1.0" encoding="UTF-8"?>
<!-- Generated by org.testng.reporters.JUnitReportReporter -->
<testsuite hostname="DESKTOP-H6CSSC1" failures="0" tests="1" name="testCases.TC001_AccountRegistrationTest" time="5.115" errors="0" timestamp="2025-09-25T07:23:33 IST" skipped="0">
  <testcase classname="testCases.TC001_AccountRegistrationTest" name="verify_account_registration" time="5.115"/>
</testsuite> <!-- testCases.TC001_AccountRegistrationTest -->
